2023-02-13 14:09:57,132 [INFO ] step_definitions.common_step_definition [main] Instantiation the commonutils
2023-02-13 14:09:57,154 [INFO ] step_definitions.common_step_definition [main] Launch Browser
2023-02-13 14:10:06,344 [INFO ] step_definitions.Linkedlist_stepdef [main] User logged in to sucessfully
2023-02-13 14:10:06,634 [INFO ] step_definitions.Linkedlist_stepdef [main] User clicked Introduction
2023-02-13 14:10:06,909 [INFO ] step_definitions.common_step_definition [main] Instantiation the commonutils
2023-02-13 14:10:06,910 [INFO ] step_definitions.common_step_definition [main] Launch Browser
2023-02-13 14:10:08,047 [INFO ] step_definitions.Linkedlist_stepdef [main] User logged in to sucessfully
2023-02-13 14:10:08,244 [INFO ] step_definitions.Linkedlist_stepdef [main] User clicked Introduction Page in LL
2023-02-13 14:10:09,992 [INFO ] step_definitions.common_step_definition [main] Instantiation the commonutils
2023-02-13 14:10:09,993 [INFO ] step_definitions.common_step_definition [main] Launch Browser
2023-02-13 14:10:13,480 [INFO ] step_definitions.Linkedlist_stepdef [main] User logged in to sucessfully
2023-02-13 14:10:13,785 [INFO ] step_definitions.Linkedlist_stepdef [main] User clicked Creating Linked List
2023-02-13 14:10:14,129 [INFO ] step_definitions.common_step_definition [main] Instantiation the commonutils
2023-02-13 14:10:14,130 [INFO ] step_definitions.common_step_definition [main] Launch Browser
2023-02-13 14:10:15,248 [INFO ] step_definitions.Linkedlist_stepdef [main] User logged in sucessfully
2023-02-13 14:10:15,481 [INFO ] step_definitions.Linkedlist_stepdef [main] User clicked creating linkedlist List
2023-02-13 14:10:16,768 [INFO ] step_definitions.common_step_definition [main] Instantiation the commonutils
2023-02-13 14:10:16,770 [INFO ] step_definitions.common_step_definition [main] Launch Browser
2023-02-13 14:10:19,952 [INFO ] step_definitions.Linkedlist_stepdef [main] User logged in to sucessfully
2023-02-13 14:10:20,672 [INFO ] step_definitions.Linkedlist_stepdef [main] User clicked Types of Linked List 
2023-02-13 14:10:20,970 [INFO ] step_definitions.common_step_definition [main] Instantiation the commonutils
2023-02-13 14:10:20,975 [INFO ] step_definitions.common_step_definition [main] Launch Browser
2023-02-13 14:10:22,094 [INFO ] step_definitions.Linkedlist_stepdef [main] User logged in sucessfully
2023-02-13 14:10:22,379 [INFO ] step_definitions.Linkedlist_stepdef [main] User clicked  Types of Linked List page  link
2023-02-13 14:10:23,442 [INFO ] step_definitions.common_step_definition [main] Instantiation the commonutils
2023-02-13 14:10:23,443 [INFO ] step_definitions.common_step_definition [main] Launch Browser
2023-02-13 14:10:26,727 [INFO ] step_definitions.Linkedlist_stepdef [main] User logged in to sucessfully
2023-02-13 14:10:26,989 [INFO ] step_definitions.Linkedlist_stepdef [main] User clicked Implement Linked List in Python
2023-02-13 14:10:27,315 [INFO ] step_definitions.common_step_definition [main] Instantiation the commonutils
2023-02-13 14:10:27,316 [INFO ] step_definitions.common_step_definition [main] Launch Browser
2023-02-13 14:10:28,409 [INFO ] step_definitions.Linkedlist_stepdef [main] User logged in sucessfully
2023-02-13 14:10:28,611 [INFO ] step_definitions.Linkedlist_stepdef [main] User clicked implement Linked List in Python page link
2023-02-13 14:10:29,713 [INFO ] step_definitions.common_step_definition [main] Instantiation the commonutils
2023-02-13 14:10:29,714 [INFO ] step_definitions.common_step_definition [main] Launch Browser
2023-02-13 14:10:32,836 [INFO ] step_definitions.Linkedlist_stepdef [main] User logged in to sucessfully
2023-02-13 14:10:33,069 [INFO ] step_definitions.Linkedlist_stepdef [main] User clicked Traversal
2023-02-13 14:10:33,312 [INFO ] step_definitions.common_step_definition [main] Instantiation the commonutils
2023-02-13 14:10:33,313 [INFO ] step_definitions.common_step_definition [main] Launch Browser
2023-02-13 14:10:34,532 [INFO ] step_definitions.Linkedlist_stepdef [main] User logged in sucessfully
2023-02-13 14:10:34,729 [INFO ] step_definitions.Linkedlist_stepdef [main] User clicked Traversal  page link
2023-02-13 14:10:35,891 [INFO ] step_definitions.common_step_definition [main] Instantiation the commonutils
2023-02-13 14:10:35,892 [INFO ] step_definitions.common_step_definition [main] Launch Browser
2023-02-13 14:10:38,954 [INFO ] step_definitions.Linkedlist_stepdef [main] User logged in to sucessfully
2023-02-13 14:10:39,429 [INFO ] step_definitions.Linkedlist_stepdef [main] User clicked Insertion
2023-02-13 14:10:39,766 [INFO ] step_definitions.common_step_definition [main] Instantiation the commonutils
2023-02-13 14:10:39,767 [INFO ] step_definitions.common_step_definition [main] Launch Browser
2023-02-13 14:10:40,803 [INFO ] step_definitions.Linkedlist_stepdef [main] User logged in sucessfully
2023-02-13 14:10:40,998 [INFO ] step_definitions.Linkedlist_stepdef [main] User clicked Insertion  page link
2023-02-13 14:10:42,134 [INFO ] step_definitions.common_step_definition [main] Instantiation the commonutils
2023-02-13 14:10:42,135 [INFO ] step_definitions.common_step_definition [main] Launch Browser
2023-02-13 14:10:43,580 [INFO ] step_definitions.Linkedlist_stepdef [main] User logged in sucessfully
2023-02-13 14:10:43,858 [INFO ] step_definitions.Linkedlist_stepdef [main] User clicked Insertion  page link
2023-02-13 14:10:44,433 [INFO ] step_definitions.Linkedlist_stepdef [main] User clicked Deletion
2023-02-13 14:10:44,898 [INFO ] step_definitions.common_step_definition [main] Instantiation the commonutils
2023-02-13 14:10:44,899 [INFO ] step_definitions.common_step_definition [main] Launch Browser
2023-02-13 14:10:46,276 [INFO ] step_definitions.Linkedlist_stepdef [main] User logged in sucessfully
2023-02-13 14:10:46,511 [INFO ] step_definitions.Linkedlist_stepdef [main] User clicked Deletion  page link
2023-02-13 14:10:47,248 [INFO ] step_definitions.Linkedlist_stepdef [main] send text to editor print('dsalgo project test')
2023-02-13 14:10:48,292 [INFO ] step_definitions.Linkedlist_stepdef [main] Arraylist count :2
